-------------------------------------------------------------------------------
Test set: org.aadi.ToggleSwitchApplicationTests
-------------------------------------------------------------------------------
Tests run: 1, Failures: 0, Errors: 1, Skipped: 0, Time elapsed: 7.276 s <<< FAILURE! - in org.aadi.ToggleSwitchApplicationTests
contextLoads  Time elapsed: 0.001 s  <<< ERROR!
java.lang.IllegalStateException: Failed to load ApplicationContext
Caused by: org.springframework.beans.factory.UnsatisfiedDependencyException: Error creating bean with name 'toggleSwitchApplication': Unsatisfied dependency expressed through field 'manager'; nested exception is org.springframework.beans.factory.UnsatisfiedDependencyException: Error creating bean with name 'featureManager' defined in class path resource [org/togglz/spring/boot/actuate/autoconfigure/TogglzAutoConfiguration$FeatureManagerConfiguration.class]: Unsatisfied dependency expressed through method 'featureManager' parameter 1; nested exception is org.springframework.beans.factory.BeanCreationException: Error creating bean with name 'stateRepository' defined in class path resource [org/togglz/spring/boot/actuate/autoconfigure/TogglzAutoConfiguration$StateRepositoryConfiguration.class]: Bean instantiation via factory method failed; nested exception is org.springframework.beans.BeanInstantiationException: Failed to instantiate [org.togglz.core.repository.StateRepository]: Factory method 'stateRepository' threw exception; nested exception is java.io.IOException: The network path was not found
Caused by: org.springframework.beans.factory.UnsatisfiedDependencyException: Error creating bean with name 'featureManager' defined in class path resource [org/togglz/spring/boot/actuate/autoconfigure/TogglzAutoConfiguration$FeatureManagerConfiguration.class]: Unsatisfied dependency expressed through method 'featureManager' parameter 1; nested exception is org.springframework.beans.factory.BeanCreationException: Error creating bean with name 'stateRepository' defined in class path resource [org/togglz/spring/boot/actuate/autoconfigure/TogglzAutoConfiguration$StateRepositoryConfiguration.class]: Bean instantiation via factory method failed; nested exception is org.springframework.beans.BeanInstantiationException: Failed to instantiate [org.togglz.core.repository.StateRepository]: Factory method 'stateRepository' threw exception; nested exception is java.io.IOException: The network path was not found
Caused by: org.springframework.beans.factory.BeanCreationException: Error creating bean with name 'stateRepository' defined in class path resource [org/togglz/spring/boot/actuate/autoconfigure/TogglzAutoConfiguration$StateRepositoryConfiguration.class]: Bean instantiation via factory method failed; nested exception is org.springframework.beans.BeanInstantiationException: Failed to instantiate [org.togglz.core.repository.StateRepository]: Factory method 'stateRepository' threw exception; nested exception is java.io.IOException: The network path was not found
Caused by: org.springframework.beans.BeanInstantiationException: Failed to instantiate [org.togglz.core.repository.StateRepository]: Factory method 'stateRepository' threw exception; nested exception is java.io.IOException: The network path was not found
Caused by: java.io.IOException: The network path was not found

